#
# There is insufficient memory for the Java Runtime Environment to continue.
# Native memory allocation (malloc) failed to allocate 1048576 bytes for AllocateHeap
# Possible reasons:
#   The system is out of physical RAM or swap space
#   In 32 bit mode, the process size limit was hit
# Possible solutions:
#   Reduce memory load on the system
#   Increase physical memory or swap space
#   Check if swap backing store is full
#   Use 64 bit Java on a 64 bit OS
#   Decrease Java heap size (-Xmx/-Xms)
#   Decrease number of Java threads
#   Decrease Java thread stack sizes (-Xss)
#   Set larger code cache with -XX:ReservedCodeCacheSize=
# This output file may be truncated or incomplete.
#
#  Out of Memory Error (memory/allocation.inline.hpp:61), pid=8496, tid=0x0000000000000180
#
# JRE version:  (8.0_161-b12) (build )
# Java VM: Java HotSpot(TM) 64-Bit Server VM (25.161-b12 mixed mode windows-amd64 compressed oops)
# Failed to write core dump. Minidumps are not enabled by default on client versions of Windows
#

---------------  T H R E A D  ---------------

Current thread (0x0000000002813800):  JavaThread "Unknown thread" [_thread_in_vm, id=384, stack(0x0000000002660000,0x0000000002760000)]

Stack: [0x0000000002660000,0x0000000002760000]
[error occurred during error reporting (printing stack bounds), id 0xc0000005]

Native frames: (J=compiled Java code, j=interpreted, Vv=VM code, C=native code)


---------------  P R O C E S S  ---------------

Java Threads: ( => current thread )

Other Threads:

=>0x0000000002813800 (exited) JavaThread "Unknown thread" [_thread_in_vm, id=384, stack(0x0000000002660000,0x0000000002760000)]

VM state:not at safepoint (normal execution)

VM Mutex/Monitor currently owned by a thread: None

Heap:
 PSYoungGen      total 38400K, used 665K [0x00000000d5b80000, 0x00000000d8600000, 0x0000000100000000)
  eden space 33280K, 2% used [0x00000000d5b80000,0x00000000d5c26670,0x00000000d7c00000)
  from space 5120K, 0% used [0x00000000d8100000,0x00000000d8100000,0x00000000d8600000)
  to   space 5120K, 0% used [0x00000000d7c00000,0x00000000d7c00000,0x00000000d8100000)
 ParOldGen       total 87552K, used 0K [0x0000000081200000, 0x0000000086780000, 0x00000000d5b80000)
  object space 87552K, 0% used [0x0000000081200000,0x0000000081200000,0x0000000086780000)
 Metaspace       used 770K, capacity 4480K, committed 4480K, reserved 1056768K
  class space    used 75K, capacity 384K, committed 384K, reserved 1048576K

Card table byte_map: [0x0000000011cd0000,0x00000000120d0000] byte_map_base: 0x00000000118c7000

Marking Bits: (ParMarkBitMap*) 0x0000000053dbf860
 Begin Bits: [0x0000000012780000, 0x0000000014738000)
 End Bits:   [0x0000000014738000, 0x00000000166f0000)

Polling page: 0x0000000000980000

CodeCache: size=245760Kb used=328Kb max_used=328Kb free=245431Kb
 bounds [0x0000000002910000, 0x0000000002b80000, 0x0000000011910000]
 total_blobs=58 nmethods=0 adapters=38
 compilation: enabled

Compilation events (0 events):
No events

GC Heap History (0 events):
No events

Deoptimization events (0 events):
No events

Classes redefined (0 events):
No events

Internal exceptions (0 events):
No events

Events (10 events):
Event: 0.033 loading class java/lang/Short
Event: 0.033 loading class java/lang/Short done
Event: 0.033 loading class java/lang/Integer
Event: 0.033 loading class java/lang/Integer done
Event: 0.033 loading class java/lang/Long
Event: 0.033 loading class java/lang/Long done
Event: 0.034 loading class java/lang/NullPointerException
Event: 0.034 loading class java/lang/NullPointerException done
Event: 0.034 loading class java/lang/ArithmeticException
Event: 0.034 loading class java/lang/ArithmeticException done


Dynamic libraries:
0x00007ff7b7b20000 - 0x00007ff7b7b57000 	C:\Program Files\Java\jdk1.8.0_161\bin\java.exe
0x00007ffb0c720000 - 0x00007ffb0c901000 	C:\WINDOWS\SYSTEM32\ntdll.dll
0x00007ffb0c4f0000 - 0x00007ffb0c5a2000 	C:\WINDOWS\System32\KERNEL32.DLL
0x00007ffb09730000 - 0x00007ffb099a3000 	C:\WINDOWS\System32\KERNELBASE.dll
0x00007ffb09cc0000 - 0x00007ffb09d61000 	C:\WINDOWS\System32\ADVAPI32.dll
0x00007ffb0c230000 - 0x00007ffb0c2ce000 	C:\WINDOWS\System32\msvcrt.dll
0x00007ffb0a530000 - 0x00007ffb0a58b000 	C:\WINDOWS\System32\sechost.dll
0x00007ffb0c5b0000 - 0x00007ffb0c6d4000 	C:\WINDOWS\System32\RPCRT4.dll
0x00007ffb0c2f0000 - 0x00007ffb0c480000 	C:\WINDOWS\System32\USER32.dll
0x00007ffb08bc0000 - 0x00007ffb08be0000 	C:\WINDOWS\System32\win32u.dll
0x00007ffb0a910000 - 0x00007ffb0a938000 	C:\WINDOWS\System32\GDI32.dll
0x00007ffb09a10000 - 0x00007ffb09ba2000 	C:\WINDOWS\System32\gdi32full.dll
0x00007ffb094a0000 - 0x00007ffb0953f000 	C:\WINDOWS\System32\msvcp_win.dll
0x00007ffb08be0000 - 0x00007ffb08cda000 	C:\WINDOWS\System32\ucrtbase.dll
0x00007ffafb280000 - 0x00007ffafb4e9000 	C:\WINDOWS\WinSxS\amd64_microsoft.windows.common-controls_6595b64144ccf1df_6.0.17134.345_none_fb429a5930656358\COMCTL32.dll
0x00007ffb0bf00000 - 0x00007ffb0c223000 	C:\WINDOWS\System32\combase.dll
0x00007ffb08af0000 - 0x00007ffb08b6a000 	C:\WINDOWS\System32\bcryptPrimitives.dll
0x00007ffb0a8e0000 - 0x00007ffb0a90d000 	C:\WINDOWS\System32\IMM32.DLL
0x0000000053e40000 - 0x0000000053f12000 	C:\Program Files\Java\jdk1.8.0_161\jre\bin\msvcr100.dll
0x00000000535a0000 - 0x0000000053e3f000 	C:\Program Files\Java\jdk1.8.0_161\jre\bin\server\jvm.dll
0x00007ffb0a380000 - 0x00007ffb0a388000 	C:\WINDOWS\System32\PSAPI.DLL
0x00007ffafc950000 - 0x00007ffafc973000 	C:\WINDOWS\SYSTEM32\WINMM.dll
0x00007ffafb4f0000 - 0x00007ffafb4f9000 	C:\WINDOWS\SYSTEM32\WSOCK32.dll
0x00007ffafbfd0000 - 0x00007ffafbfda000 	C:\WINDOWS\SYSTEM32\VERSION.dll
0x00007ffb0c480000 - 0x00007ffb0c4ec000 	C:\WINDOWS\System32\WS2_32.dll
0x00007ffafc920000 - 0x00007ffafc94a000 	C:\WINDOWS\SYSTEM32\WINMMBASE.dll
0x00007ffb08b70000 - 0x00007ffb08bb9000 	C:\WINDOWS\System32\cfgmgr32.dll
0x0000000053f80000 - 0x0000000053f8f000 	C:\Program Files\Java\jdk1.8.0_161\jre\bin\verify.dll
0x0000000053f50000 - 0x0000000053f79000 	C:\Program Files\Java\jdk1.8.0_161\jre\bin\java.dll
0x0000000053580000 - 0x0000000053596000 	C:\Program Files\Java\jdk1.8.0_161\jre\bin\zip.dll

VM Arguments:
jvm_args: -Dcom.android.sdkmanager.toolsdir=C:\Users\brian\AppData\Local\Android\Sdk\tools\bin\\.. 
java_command: com.android.sdklib.tool.AvdManagerCli list target -c
java_class_path (initial): C:\Users\brian\AppData\Local\Android\Sdk\tools\bin\..\lib\dvlib-26.0.0-dev.jar;C:\Users\brian\AppData\Local\Android\Sdk\tools\bin\..\lib\jimfs-1.1.jar;C:\Users\brian\AppData\Local\Android\Sdk\tools\bin\..\lib\jsr305-1.3.9.jar;C:\Users\brian\AppData\Local\Android\Sdk\tools\bin\..\lib\repository-26.0.0-dev.jar;C:\Users\brian\AppData\Local\Android\Sdk\tools\bin\..\lib\j2objc-annotations-1.1.jar;C:\Users\brian\AppData\Local\Android\Sdk\tools\bin\..\lib\layoutlib-api-26.0.0-dev.jar;C:\Users\brian\AppData\Local\Android\Sdk\tools\bin\..\lib\gson-2.3.jar;C:\Users\brian\AppData\Local\Android\Sdk\tools\bin\..\lib\httpcore-4.2.5.jar;C:\Users\brian\AppData\Local\Android\Sdk\tools\bin\..\lib\commons-logging-1.1.1.jar;C:\Users\brian\AppData\Local\Android\Sdk\tools\bin\..\lib\commons-compress-1.12.jar;C:\Users\brian\AppData\Local\Android\Sdk\tools\bin\..\lib\annotations-26.0.0-dev.jar;C:\Users\brian\AppData\Local\Android\Sdk\tools\bin\..\lib\error_prone_annotations-2.0.18.jar;C:\Users\brian\AppData\Local\Android\Sdk\tools\bin\..\lib\animal-sniffer-annotations-1.14.jar;C:\Users\brian\AppData\Local\Android\Sdk\tools\bin\..\lib\httpclient-4.2.6.jar;C:\Users\brian\AppData\Local\Android\Sdk\tools\bin\..\lib\commons-codec-1.6.jar;C:\Users\brian\AppData\Local\Android\Sdk\tools\bin\..\lib\common-26.0.0-dev.jar;C:\Users\brian\AppData\Local\Android\Sdk\tools\bin\..\lib\kxml2-2.3.0.jar;C:\Users\brian\AppData\Local\Android\Sdk\tools\bin\..\lib\httpmime-4.1.jar;C:\Users\brian\AppData\Local\Android\Sdk\tools\bin\..\lib\annotations-12.0.jar;C:\Users\brian\AppData\Local\Android\Sdk\tools\bin\..\lib\sdklib-26.0.0-dev.jar;C:\Users\brian\AppData\Local\Android\Sdk\tools\bin\..\lib\guava-22.0.jar
Launcher Type: SUN_STANDARD

Environment Variables:
JAVA_HOME=C:\Program Files\Java\jdk1.8.0_161
CLASSPATH=C:\Users\brian\AppData\Local\Android\Sdk\tools\bin\..\lib\dvlib-26.0.0-dev.jar;C:\Users\brian\AppData\Local\Android\Sdk\tools\bin\..\lib\jimfs-1.1.jar;C:\Users\brian\AppData\Local\Android\Sdk\tools\bin\..\lib\jsr305-1.3.9.jar;C:\Users\brian\AppData\Local\Android\Sdk\tools\bin\..\lib\repository-26.0.0-dev.jar;C:\Users\brian\AppData\Local\Android\Sdk\tools\bin\..\lib\j2objc-annotations-1.1.jar;C:\Users\brian\AppData\Local\Android\Sdk\tools\bin\..\lib\layoutlib-api-26.0.0-dev.jar;C:\Users\brian\AppData\Local\Android\Sdk\tools\bin\..\lib\gson-2.3.jar;C:\Users\brian\AppData\Local\Android\Sdk\tools\bin\..\lib\httpcore-4.2.5.jar;C:\Users\brian\AppData\Local\Android\Sdk\tools\bin\..\lib\commons-logging-1.1.1.jar;C:\Users\brian\AppData\Local\Android\Sdk\tools\bin\..\lib\commons-compress-1.12.jar;C:\Users\brian\AppData\Local\Android\Sdk\tools\bin\..\lib\annotations-26.0.0-dev.jar;C:\Users\brian\AppData\Local\Android\Sdk\tools\bin\..\lib\error_prone_annotations-2.0.18.jar;C:\Users\brian\AppData\Local\Android\Sdk\tools\bin\..\lib\animal-sniffer-annotations-1.14.jar;C:\Users\brian\AppData\Local\Android\Sdk\tools\bin\..\lib\httpclient-4.2.6.jar;C:\Users\brian\AppData\Local\Android\Sdk\tools\bin\..\lib\commons-codec-1.6.jar;C:\Users\brian\AppData\Local\Android\Sdk\tools\bin\..\lib\common-26.0.0-dev.jar;C:\Users\brian\AppData\Local\Android\Sdk\tools\bin\..\lib\kxml2-2.3.0.jar;C:\Users\brian\AppData\Local\Android\Sdk\tools\bin\..\lib\httpmime-4.1.jar;C:\Users\brian\AppData\Local\Android\Sdk\tools\bin\..\lib\annotations-12.0.jar;C:\Users\brian\AppData\Local\Android\Sdk\tools\bin\..\lib\sdklib-26.0.0-dev.jar;C:\Users\brian\AppData\Local\Android\Sdk\tools\bin\..\lib\guava-22.0.jar
PATH=C:\Program Files (x86)\Common Files\Oracle\Java\javapath;C:\ProgramData\Oracle\Java\javapath;C:\WINDOWS\system32;C:\WINDOWS;C:\WINDOWS\System32\Wbem;C:\WINDOWS\System32\WindowsPowerShell\v1.0\;C:\Program Files (x86)\Skype\Phone\;C:\Program Files (x86)\GtkSharp\2.12\bin;C:\Program Files (x86)\Windows Live\Shared;C:\Program Files (x86)\Windows Kits\8.1\Windows Performance Toolkit\;C:\Program Files\RogueKiller;C:\Program Files\Git\cmd;C:\WINDOWS\System32\OpenSSH\;C:\Program Files (x86)\Windows Kits\10\Windows Performance Toolkit\;C:\Python36-32\Scripts\;C:\Python36-32\;C:\Users\brian\AppData\Local\Microsoft\WindowsApps;C:\Users\brian\AppData\Local\GitHubDesktop\bin;C:\Users\brian\AppData\Local\Microsoft\WindowsApps;C:\MinGW;C:\Users\brian\AppData\Local\atom\bin
USERNAME=Brian
OS=Windows_NT
PROCESSOR_IDENTIFIER=Intel64 Family 6 Model 78 Stepping 3, GenuineIntel



---------------  S Y S T E M  ---------------

OS: Windows 10.0 , 64 bit Build 17134 (10.0.17134.1)

CPU:total 4 (initial active 4) (2 cores per cpu, 2 threads per core) family 6 model 78 stepping 3, cmov, cx8, fxsr, mmx, sse, sse2, sse3, ssse3, sse4.1, sse4.2, popcnt, avx, avx2, aes, clmul, erms, rtm, 3dnowpref, lzcnt, ht, tsc, tscinvbit, bmi1, bmi2, adx

Memory: 4k page, physical 8312116k(2092808k free), swap 8312116k(5608k free)

vm_info: Java HotSpot(TM) 64-Bit Server VM (25.161-b12) for windows-amd64 JRE (1.8.0_161-b12), built on Dec 19 2017 17:52:25 by "java_re" with MS VC++ 10.0 (VS2010)

time: Sun Oct 14 17:28:14 2018
elapsed time: 0 seconds (0d 0h 0m 0s)

